<?xml version="1.0" encoding="UTF-8"?>
<!-- Generated by org.testng.reporters.JUnitReportReporter -->
<testsuite hostname="Shaunenoch" failures="3" tests="9" name="runner.TestRunner" time="52.264" errors="0" timestamp="2023-05-08T15:34:04 EDT" skipped="0">
  <testcase classname="runner.TestRunner" name="runScenario" time="4.108"/>
  <system-out/>
  <testcase classname="runner.TestRunner" name="runScenario" time="3.893"/>
  <system-out/>
  <testcase classname="runner.TestRunner" name="runScenario" time="6.507"/>
  <system-out/>
  <testcase classname="runner.TestRunner" name="runScenario" time="10.393"/>
  <system-out/>
  <testcase classname="runner.TestRunner" name="runScenario" time="2.037"/>
  <system-out/>
  <testcase classname="runner.TestRunner" name="runScenario" time="9.598"/>
  <system-out/>
  <testcase classname="runner.TestRunner" name="runScenario" time="5.025">
    <failure message="expected [] but found [Overview of Trees]" type="java.lang.AssertionError">
      <![CDATA[java.lang.AssertionError: expected [] but found [Overview of Trees]
at org.testng.Assert.fail(Assert.java:110)
at org.testng.Assert.failNotEquals(Assert.java:1577)
at org.testng.Assert.assertEqualsImpl(Assert.java:149)
at org.testng.Assert.assertEquals(Assert.java:131)
at org.testng.Assert.assertEquals(Assert.java:655)
at org.testng.Assert.assertEquals(Assert.java:665)
at Steps_DsAlgo.TreeSteps.user_checks_for_the_error_message(TreeSteps.java:87)
at ✽.user checks for the error message(file:///C:/Users/shaun/eclipse-workspace/Ds_AlgoProject/src/test/resources/FeaturesDsAlgo/CTree.feature:13)
]]>
    </failure>
  </testcase> <!-- runScenario -->
  <system-out/>
  <testcase classname="runner.TestRunner" name="runScenario" time="9.354">
    <failure message="expected [password_mismatch:The two password fields didn’t match.] but found [U are logged in]" type="java.lang.AssertionError">
      <![CDATA[java.lang.AssertionError: expected [password_mismatch:The two password fields didn’t match.] but found [U are logged in]
at org.testng.Assert.fail(Assert.java:110)
at org.testng.Assert.failNotEquals(Assert.java:1577)
at org.testng.Assert.assertEqualsImpl(Assert.java:149)
at org.testng.Assert.assertEquals(Assert.java:131)
at org.testng.Assert.assertEquals(Assert.java:655)
at org.testng.Assert.assertEquals(Assert.java:665)
at Steps_DsAlgo.LoginSteps.user_prints_the_error_message(LoginSteps.java:54)
at ✽.user prints the error message(file:///C:/Users/shaun/eclipse-workspace/Ds_AlgoProject/src/test/resources/FeaturesDsAlgo/ALogin.feature:7)
]]>
    </failure>
  </testcase> <!-- runScenario -->
  <system-out/>
  <testcase classname="runner.TestRunner" name="runScenario" time="1.349">
    <failure message="expected [U are logged in] but found [Invalid Username and Password]" type="java.lang.AssertionError">
      <![CDATA[java.lang.AssertionError: expected [U are logged in] but found [Invalid Username and Password]
at org.testng.Assert.fail(Assert.java:110)
at org.testng.Assert.failNotEquals(Assert.java:1577)
at org.testng.Assert.assertEqualsImpl(Assert.java:149)
at org.testng.Assert.assertEquals(Assert.java:131)
at org.testng.Assert.assertEquals(Assert.java:655)
at org.testng.Assert.assertEquals(Assert.java:665)
at Steps_DsAlgo.LoginSteps.user_stays_on_the_login_page(LoginSteps.java:110)
at ✽.user stays on the login page(file:///C:/Users/shaun/eclipse-workspace/Ds_AlgoProject/src/test/resources/FeaturesDsAlgo/ALogin.feature:22)
]]>
    </failure>
  </testcase> <!-- runScenario -->
  <system-out/>
</testsuite> <!-- runner.TestRunner -->
