<?xml version="1.0" encoding="UTF-8"?>
<!-- Generated by org.testng.reporters.JUnitReportReporter -->
<testsuite hostname="Shaunenoch" failures="0" tests="3" name="RandomString.LoggerTest1" time="0.414" errors="0" timestamp="2023-05-08T13:17:09 EDT" skipped="0">
  <testcase classname="RandomString.LoggerTest1" name="testError" time="0.406"/>
  <system-out/>
  <testcase classname="RandomString.LoggerTest1" name="testInfo" time="0.005"/>
  <system-out/>
  <testcase classname="RandomString.LoggerTest1" name="testWarn" time="0.003"/>
  <system-out/>
</testsuite> <!-- RandomString.LoggerTest1 -->
